#
# There is insufficient memory for the Java Runtime Environment to continue.
# Native memory allocation (malloc) failed to allocate 1048576 bytes for AllocateHeap
# Possible reasons:
#   The system is out of physical RAM or swap space
#   In 32 bit mode, the process size limit was hit
# Possible solutions:
#   Reduce memory load on the system
#   Increase physical memory or swap space
#   Check if swap backing store is full
#   Use 64 bit Java on a 64 bit OS
#   Decrease Java heap size (-Xmx/-Xms)
#   Decrease number of Java threads
#   Decrease Java thread stack sizes (-Xss)
#   Set larger code cache with -XX:ReservedCodeCacheSize=
# This output file may be truncated or incomplete.
#
#  Out of Memory Error (memory/allocation.inline.hpp:61), pid=12360, tid=0x0000000000002edc
#
# JRE version:  (8.0_131-b11) (build )
# Java VM: Java HotSpot(TM) 64-Bit Server VM (25.131-b11 mixed mode windows-amd64 compressed oops)
# Failed to write core dump. Minidumps are not enabled by default on client versions of Windows
#

---------------  T H R E A D  ---------------

Current thread (0x0000000000cbe800):  JavaThread "Unknown thread" [_thread_in_vm, id=11996, stack(0x0000000002570000,0x0000000002670000)]

Stack: [0x0000000002570000,0x0000000002670000]
[error occurred during error reporting (printing stack bounds), id 0xc0000005]

Native frames: (J=compiled Java code, j=interpreted, Vv=VM code, C=native code)


---------------  P R O C E S S  ---------------

Java Threads: ( => current thread )

Other Threads:

=>0x0000000000cbe800 (exited) JavaThread "Unknown thread" [_thread_in_vm, id=11996, stack(0x0000000002570000,0x0000000002670000)]

VM state:not at safepoint (normal execution)

VM Mutex/Monitor currently owned by a thread: None

Heap:
 PSYoungGen      total 38400K, used 665K [0x00000000d5580000, 0x00000000d8000000, 0x0000000100000000)
  eden space 33280K, 2% used [0x00000000d5580000,0x00000000d5626670,0x00000000d7600000)
  from space 5120K, 0% used [0x00000000d7b00000,0x00000000d7b00000,0x00000000d8000000)
  to   space 5120K, 0% used [0x00000000d7600000,0x00000000d7600000,0x00000000d7b00000)
 ParOldGen       total 87552K, used 0K [0x0000000080000000, 0x0000000085580000, 0x00000000d5580000)
  object space 87552K, 0% used [0x0000000080000000,0x0000000080000000,0x0000000085580000)
 Metaspace       used 770K, capacity 4480K, committed 4480K, reserved 1056768K
  class space    used 75K, capacity 384K, committed 384K, reserved 1048576K

Card table byte_map: [0x0000000011b30000,0x0000000011f40000] byte_map_base: 0x0000000011730000

Marking Bits: (ParMarkBitMap*) 0x00000000759dc720
 Begin Bits: [0x00000000127f0000, 0x00000000147f0000)
 End Bits:   [0x00000000147f0000, 0x00000000167f0000)

Polling page: 0x0000000000d60000

CodeCache: size=245760Kb used=327Kb max_used=327Kb free=245432Kb
 bounds [0x0000000002770000, 0x00000000029e0000, 0x0000000011770000]
 total_blobs=57 nmethods=0 adapters=38
 compilation: enabled

Compilation events (0 events):
No events

GC Heap History (0 events):
No events

Deoptimization events (0 events):
No events

Internal exceptions (0 events):
No events

Events (10 events):
Event: 0.035 loading class java/lang/Short
Event: 0.035 loading class java/lang/Short done
Event: 0.035 loading class java/lang/Integer
Event: 0.035 loading class java/lang/Integer done
Event: 0.035 loading class java/lang/Long
Event: 0.035 loading class java/lang/Long done
Event: 0.036 loading class java/lang/NullPointerException
Event: 0.037 loading class java/lang/NullPointerException done
Event: 0.037 loading class java/lang/ArithmeticException
Event: 0.037 loading class java/lang/ArithmeticException done


Dynamic libraries:
0x00007ff620ea0000 - 0x00007ff620ed7000 	C:\Program Files\Java\jdk1.8.0_131\bin\java.exe
0x00007ffab3370000 - 0x00007ffab354b000 	C:\WINDOWS\SYSTEM32\ntdll.dll
0x00007ffab2800000 - 0x00007ffab28ae000 	C:\WINDOWS\System32\KERNEL32.DLL
0x00007ffab02b0000 - 0x00007ffab04f9000 	C:\WINDOWS\System32\KERNELBASE.dll
0x00007ffab23c0000 - 0x00007ffab2461000 	C:\WINDOWS\System32\ADVAPI32.dll
0x00007ffab21d0000 - 0x00007ffab226d000 	C:\WINDOWS\System32\msvcrt.dll
0x00007ffab2b80000 - 0x00007ffab2bd9000 	C:\WINDOWS\System32\sechost.dll
0x00007ffab0bd0000 - 0x00007ffab0cf5000 	C:\WINDOWS\System32\RPCRT4.dll
0x00007ffab2960000 - 0x00007ffab2aaa000 	C:\WINDOWS\System32\USER32.dll
0x00007ffab07a0000 - 0x00007ffab07be000 	C:\WINDOWS\System32\win32u.dll
0x00007ffab2be0000 - 0x00007ffab2c07000 	C:\WINDOWS\System32\GDI32.dll
0x00007ffab05b0000 - 0x00007ffab0738000 	C:\WINDOWS\System32\gdi32full.dll
0x00007ffab07c0000 - 0x00007ffab085a000 	C:\WINDOWS\System32\msvcp_win.dll
0x00007ffaafab0000 - 0x00007ffaafba6000 	C:\WINDOWS\System32\ucrtbase.dll
0x00007ffaa8fd0000 - 0x00007ffaa9237000 	C:\WINDOWS\WinSxS\amd64_microsoft.windows.common-controls_6595b64144ccf1df_6.0.15063.483_none_26002d27e7c744a2\COMCTL32.dll
0x00007ffab08b0000 - 0x00007ffab0ba9000 	C:\WINDOWS\System32\combase.dll
0x00007ffaafa40000 - 0x00007ffaafaaa000 	C:\WINDOWS\System32\bcryptPrimitives.dll
0x00007ffab3260000 - 0x00007ffab328d000 	C:\WINDOWS\System32\IMM32.DLL
0x00000000750e0000 - 0x00000000751b2000 	C:\Program Files\Java\jdk1.8.0_131\jre\bin\msvcr100.dll
0x00000000751c0000 - 0x0000000075a5c000 	C:\Program Files\Java\jdk1.8.0_131\jre\bin\server\jvm.dll
0x00007ffab2b10000 - 0x00007ffab2b18000 	C:\WINDOWS\System32\PSAPI.DLL
0x00007ffaa4de0000 - 0x00007ffaa4de9000 	C:\WINDOWS\SYSTEM32\WSOCK32.dll
0x00007ffab2590000 - 0x00007ffab25fc000 	C:\WINDOWS\System32\WS2_32.dll
0x00007ffaacb70000 - 0x00007ffaacb93000 	C:\WINDOWS\SYSTEM32\WINMM.dll
0x00007ffaac7f0000 - 0x00007ffaac7fa000 	C:\WINDOWS\SYSTEM32\VERSION.dll
0x00007ffaac570000 - 0x00007ffaac59b000 	C:\WINDOWS\SYSTEM32\winmmbase.dll
0x00007ffab0860000 - 0x00007ffab08a9000 	C:\WINDOWS\System32\cfgmgr32.dll
0x0000000075090000 - 0x000000007509f000 	C:\Program Files\Java\jdk1.8.0_131\jre\bin\verify.dll
0x0000000075060000 - 0x0000000075089000 	C:\Program Files\Java\jdk1.8.0_131\jre\bin\java.dll
0x0000000075040000 - 0x0000000075056000 	C:\Program Files\Java\jdk1.8.0_131\jre\bin\zip.dll

VM Arguments:
jvm_args: -Dclassworlds.conf=C:\Program Files\NetBeans 8.2\java\maven\bin\m2.conf -Dmaven.home=C:\Program Files\NetBeans 8.2\java\maven 
java_command: org.codehaus.plexus.classworlds.launcher.Launcher -Dmaven.ext.class.path=C:\Program Files\NetBeans 8.2\java\maven-nblib\netbeans-eventspy.jar -Dfile.encoding=UTF-8 clean install
java_class_path (initial): C:\Program Files\NetBeans 8.2\java\maven\boot\plexus-classworlds-2.4.jar
Launcher Type: SUN_STANDARD

Environment Variables:
JAVA_HOME=C:\Program Files\Java\jdk1.8.0_131
PATH=c:\program files (x86)\pc connectivity solution\;c:\programdata\oracle\java\javapath;c:\windows\system32;c:\windows;c:\windows\system32\wbem;c:\program files (x86)\common files\microsoft shared\windows live;c:\windows\system32\windowspowershell\v1.0;c:\program files (x86)\autodesk\backburner;c:\program files\common files\autodesk shared;c:\program files (x86)\microsoft sql server\100\tools\binn;c:\program files\microsoft sql server\100\tools\binn;c:\program files\microsoft sql server\100\dts\binn;c:\program files (x86)\microsoft sql server\100\tools\binn\vsshell\common7\ide;c:\program files (x86)\microsoft sql server\100\dts\binn;c:\program files (x86)\quicktime\qtsystem;c:\windows\system32\windowspowershell\v1.0\;c:\program files\microsoft\web platform installer\;c:\program files (x86)\skype\phone\;C:\WINDOWS\system32;C:\WINDOWS;C:\WINDOWS\System32\Wbem;C:\WINDOWS\System32\WindowsPowerShell\v1.0\;C:\Program Files\Microsoft SQL Server\Client SDK\ODBC\110\Tools\Binn\;C:\Program Files (x86)\Microsoft SQL Server\120\Tools\Binn\;C:\Program Files\Microsoft SQL Server\120\Tools\Binn\;C:\Program Files\Microsoft SQL Server\120\DTS\Binn\;C:\Program Files (x86)\Microsoft SQL Server\120\Tools\Binn\ManagementStudio\;C:\Program Files (x86)\Microsoft SQL Server\120\DTS\Binn\;C:\Program Files\Microsoft SQL Server\130\Tools\Binn\;C:\Program Files\dotnet\;C:\WINDOWS\system32;C:\WINDOWS;C:\WINDOWS\System32\Wbem;C:\WINDOWS\System32\WindowsPowerShell\v1.0\;C:\Program Files (x86)\NVIDIA Corporation\PhysX\Common;C:\Program Files\Git\cmd;C:\Program Files\Common Files\Microsoft Shared\Windows Live;C:\Users\Grzegorz\AppData\Local\Microsoft\WindowsApps;C:\Users\Grzegorz\AppData\Local\GitHubDesktop\bin
USERNAME=Grzegorz
OS=Windows_NT
PROCESSOR_IDENTIFIER=AMD64 Family 16 Model 10 Stepping 0, AuthenticAMD



---------------  S Y S T E M  ---------------

OS: Windows 10.0 , 64 bit Build 15063 (10.0.15063.296)

CPU:total 6 (initial active 6) (6 cores per cpu, 1 threads per core) family 16 model 10 stepping 0, cmov, cx8, fxsr, mmx, sse, sse2, sse3, popcnt, mmxext, 3dnowpref, lzcnt, sse4a, tsc, tscinvbit, tscinv

Memory: 4k page, physical 8386100k(1698468k free), swap 10868808k(5136k free)

vm_info: Java HotSpot(TM) 64-Bit Server VM (25.131-b11) for windows-amd64 JRE (1.8.0_131-b11), built on Mar 15 2017 01:23:53 by "java_re" with MS VC++ 10.0 (VS2010)

time: Sun Aug 13 23:52:21 2017
elapsed time: 0 seconds (0d 0h 0m 0s)

